<?xml version="1.0" encoding="UTF-8"?>
<testExecutions version="1">
  <file path="C:\Users\rchap\WebstormProjects\TEST\circle-ci-test\src\app\employees\services\employees-store\employees-store.service.spec.ts">
    <testCase name="EmployeesStoreService should be created" duration="129"/>
  </file>
</testExecutions>